# JRE version: OpenJDK Runtime Environment JBR-21.0.5+8-631.28-jcef (21.0.5+8) (build 21.0.5+8-b631.28)
# Java VM: OpenJDK 64-Bit Server VM JBR-21.0.5+8-631.28-jcef (21.0.5+8-b631.28, mixed mode, sharing, tiered, compressed oops, compressed class ptrs, g1 gc, windows-amd64)
GC Precious Log:
 CardTable entry size: 512
 Card Set container configuration: InlinePtr #cards 5 size 8 Array Of Cards #cards 12 size 40 Howl #buckets 4 coarsen threshold 1843 Howl Bitmap #cards 512 size 80 coarsen threshold 460 Card regions per heap region 1 cards per card region 2048
 CPUs: 12 total, 12 available
 Memory: 32691M
 Large Page Support: Disabled
 NUMA Support: Disabled
 Compressed Oops: Enabled (32-bit)
 Heap Region Size: 1M
 Heap Min Capacity: 128M
 Heap Initial Capacity: 128M
 Heap Max Capacity: 2G
 Pre-touch: Disabled
 Parallel Workers: 10
 Concurrent Workers: 3
 Concurrent Refinement Workers: 10
 Periodic GC: Disabled
Heap:
 garbage-first heap   total 131072K, used 18172K [0x0000000080000000, 0x0000000100000000)
  region size 1024K, 6 young (6144K), 0 survivors (0K)
 Metaspace       used 18422K, committed 18816K, reserved 1114112K
  class space    used 1983K, committed 2176K, reserved 1048576K
GC Heap History (12 events):
Event: 0.592 GC heap before
{Heap before GC invocations=0 (full 0):
 garbage-first heap   total 131072K, used 27648K [0x0000000080000000, 0x0000000100000000)
  region size 1024K, 23 young (23552K), 0 survivors (0K)
 Metaspace       used 8063K, committed 8384K, reserved 1114112K
  class space    used 1014K, committed 1152K, reserved 1048576K
}
Event: 0.597 GC heap after
{Heap after GC invocations=1 (full 0):
 garbage-first heap   total 131072K, used 9199K [0x0000000080000000, 0x0000000100000000)
  region size 1024K, 3 young (3072K), 3 survivors (3072K)
 Metaspace       used 8063K, committed 8384K, reserved 1114112K
  class space    used 1014K, committed 1152K, reserved 1048576K
}
Event: 2400.549 GC heap before
{Heap before GC invocations=1 (full 0):
 garbage-first heap   total 131072K, used 36847K [0x0000000080000000, 0x0000000100000000)
  region size 1024K, 31 young (31744K), 3 survivors (3072K)
 Metaspace       used 17830K, committed 18240K, reserved 1114112K
  class space    used 2009K, committed 2176K, reserved 1048576K
}
Event: 2400.558 GC heap after
{Heap after GC invocations=2 (full 0):
 garbage-first heap   total 131072K, used 12723K [0x0000000080000000, 0x0000000100000000)
  region size 1024K, 4 young (4096K), 4 survivors (4096K)
 Metaspace       used 17830K, committed 18240K, reserved 1114112K
  class space    used 2009K, committed 2176K, reserved 1048576K
}
Event: 3600.015 GC heap before
{Heap before GC invocations=2 (full 0):
 garbage-first heap   total 131072K, used 17843K [0x0000000080000000, 0x0000000100000000)
  region size 1024K, 10 young (10240K), 4 survivors (4096K)
 Metaspace       used 17882K, committed 18304K, reserved 1114112K
  class space    used 2012K, committed 2176K, reserved 1048576K
}
Event: 3600.040 GC heap after
{Heap after GC invocations=3 (full 1):
 garbage-first heap   total 131072K, used 11655K [0x0000000080000000, 0x0000000100000000)
  region size 1024K, 0 young (0K), 0 survivors (0K)
 Metaspace       used 17623K, committed 18304K, reserved 1114112K
  class space    used 1948K, committed 2176K, reserved 1048576K
}
Event: 7200.043 GC heap before
{Heap before GC invocations=3 (full 1):
 garbage-first heap   total 131072K, used 19847K [0x0000000080000000, 0x0000000100000000)
  region size 1024K, 9 young (9216K), 0 survivors (0K)
 Metaspace       used 17645K, committed 18368K, reserved 1114112K
  class space    used 1948K, committed 2176K, reserved 1048576K
}
Event: 7200.069 GC heap after
{Heap after GC invocations=4 (full 2):
 garbage-first heap   total 131072K, used 11586K [0x0000000080000000, 0x0000000100000000)
  region size 1024K, 0 young (0K), 0 survivors (0K)
 Metaspace       used 17645K, committed 18368K, reserved 1114112K
  class space    used 1948K, committed 2176K, reserved 1048576K
}
Event: 10800.084 GC heap before
{Heap before GC invocations=4 (full 2):
 garbage-first heap   total 131072K, used 18754K [0x0000000080000000, 0x0000000100000000)
  region size 1024K, 8 young (8192K), 0 survivors (0K)
 Metaspace       used 17651K, committed 18368K, reserved 1114112K
  class space    used 1948K, committed 2176K, reserved 1048576K
}
Event: 10800.104 GC heap after
{Heap after GC invocations=5 (full 3):
 garbage-first heap   total 131072K, used 11586K [0x0000000080000000, 0x0000000100000000)
  region size 1024K, 0 young (0K), 0 survivors (0K)
 Metaspace       used 17651K, committed 18368K, reserved 1114112K
  class space    used 1948K, committed 2176K, reserved 1048576K
}
Event: 14400.116 GC heap before
{Heap before GC invocations=5 (full 3):
 garbage-first heap   total 131072K, used 59714K [0x0000000080000000, 0x0000000100000000)
  region size 1024K, 48 young (49152K), 0 survivors (0K)
 Metaspace       used 18414K, committed 18816K, reserved 1114112K
  class space    used 1982K, committed 2176K, reserved 1048576K
}
Event: 14400.134 GC heap after
{Heap after GC invocations=6 (full 4):
 garbage-first heap   total 131072K, used 13052K [0x0000000080000000, 0x0000000100000000)
  region size 1024K, 0 young (0K), 0 survivors (0K)
 Metaspace       used 18414K, committed 18816K, reserved 1114112K
  class space    used 1982K, committed 2176K, reserved 1048576K
}

